<?xml version="1.0" encoding="UTF-8"?>
<!-- Generated by org.testng.reporters.JUnitReportReporter -->
<testsuite skipped="0" hostname="DESKTOP-83K4TV4" name="AppiumProject.Activity6" tests="1" failures="0" timestamp="2020-09-26T17:56:36 IST" time="47.142" errors="0">
  <testcase name="google_popup" time="47.142" classname="AppiumProject.Activity6"/>
</testsuite> <!-- AppiumProject.Activity6 -->
