<?xml version="1.0" encoding="UTF-8"?>
<!-- Generated by org.testng.reporters.JUnitReportReporter -->
<testsuite skipped="0" hostname="DESKTOP-83K4TV4" name="AppiumProject.Activity4" tests="1" failures="0" timestamp="2020-09-26T17:56:36 IST" time="30.741" errors="0">
  <testcase name="google_todolist" time="30.741" classname="AppiumProject.Activity4"/>
</testsuite> <!-- AppiumProject.Activity4 -->
